\BOOKMARK [1][]{section.1}{\376\377\000V\000o\000r\000w\000o\000r\000t}{}% 1
\BOOKMARK [1][]{section.2}{\376\377\000V\000o\000r\000s\000p\000e\000i\000s\000e\000n}{}% 2
\BOOKMARK [2][]{section*.2}{\376\377\000Z\000w\000i\000e\000b\000e\000l\000s\000u\000p\000p\000e}{section.2}% 3
\BOOKMARK [2][]{section*.3}{\376\377\000A\000c\000i\000l\000i\000\040\000E\000z\000m\000e}{section.2}% 4
\BOOKMARK [2][]{section*.4}{\376\377\000B\000r\000o\000k\000k\000o\000l\000i\000\040\000a\000u\000f\000\040\000R\000o\000t\000e\000-\000B\000e\000e\000t\000e\000-\000H\000u\000m\000m\000u\000s}{section.2}% 5
\BOOKMARK [1][]{section.3}{\376\377\000H\000a\000u\000p\000t\000g\000e\000r\000i\000c\000h\000t\000e}{}% 6
\BOOKMARK [2][]{section*.5}{\376\377\000G\000n\000o\000c\000c\000h\000i\000\040\000m\000i\000t\000\040\000Z\000i\000t\000r\000o\000n\000e\000n\000-\000F\000r\000i\000s\000c\000h\000k\000\344\000s\000e\000f\000\374\000l\000l\000u\000n\000g\000\040\000a\000u\000f\000\040\000C\000a\000s\000h\000e\000w\000-\000W\000e\000i\000\337\000w\000e\000i\000n\000-\000S\000a\000u\000c\000e}{section.3}% 7
\BOOKMARK [2][]{section*.6}{\376\377\000D\000a\000l\000\040\000M\000a\000k\000h\000a\000n\000i}{section.3}% 8
\BOOKMARK [2][]{section*.7}{\376\377\000V\000e\000g\000a\000n\000e\000r\000\040\000S\000a\000u\000e\000r\000b\000r\000a\000t\000e\000n\000\040\000\050\000S\000e\000i\000t\000a\000n\000\051}{section.3}% 9
\BOOKMARK [2][]{section*.8}{\376\377\000F\000l\000a\000m\000m\000k\000u\000c\000h\000e\000n}{section.3}% 10
\BOOKMARK [2][]{section*.9}{\376\377\000K\000a\000r\000a\000m\000e\000l\000l\000i\000s\000i\000e\000r\000t\000e\000\040\000Z\000w\000i\000e\000b\000e\000l\000\040\000P\000a\000s\000t\000a}{section.3}% 11
\BOOKMARK [2][]{section*.10}{\376\377\000B\000o\000l\000o\000g\000n\000e\000s\000e}{section.3}% 12
\BOOKMARK [2][]{section*.11}{\376\377\000M\000u\000s\000h\000r\000o\000o\000m\000\040\000W\000e\000l\000l\000i\000n\000g\000t\000o\000n}{section.3}% 13
\BOOKMARK [1][]{section.4}{\376\377\000S\000c\000h\000n\000e\000l\000l\000e\000\040\000K\000\374\000c\000h\000e}{}% 14
\BOOKMARK [2][]{section*.12}{\376\377\000N\000u\000d\000e\000l\000n\000\040\000i\000n\000\040\000E\000r\000d\000n\000u\000s\000s\000s\000a\000u\000c\000e}{section.4}% 15
\BOOKMARK [1][]{section.5}{\376\377\000F\000r\000\374\000h\000s\000t\000\374\000c\000k}{}% 16
\BOOKMARK [2][]{section*.13}{\376\377\000S\000a\000v\000o\000r\000y\000\040\000O\000a\000t\000m\000e\000a\000l}{section.5}% 17
\BOOKMARK [1][]{section.6}{\376\377\000D\000e\000s\000s\000e\000r\000t\000s}{}% 18
\BOOKMARK [2][]{section*.14}{\376\377\000F\000u\000d\000g\000y\000\040\000V\000e\000g\000a\000n\000e\000\040\000B\000r\000o\000w\000n\000i\000e\000s}{section.6}% 19
\BOOKMARK [2][]{section*.15}{\376\377\000K\000a\000r\000a\000m\000e\000l\000l\000i\000s\000i\000e\000r\000t\000e\000\040\000F\000e\000i\000g\000e\000n}{section.6}% 20
\BOOKMARK [2][]{section*.16}{\376\377\000B\000a\000n\000a\000n\000e\000n\000b\000r\000o\000t}{section.6}% 21
\BOOKMARK [2][]{section*.17}{\376\377\000S\000c\000h\000o\000k\000o\000-\000E\000r\000d\000b\000e\000e\000r\000e\000n\000\040\000M\000o\000c\000h\000i}{section.6}% 22
\BOOKMARK [2][]{section*.18}{\376\377\000O\000r\000a\000n\000g\000e\000n\000-\000P\000o\000s\000s\000e\000t\000s}{section.6}% 23
\BOOKMARK [2][]{section*.19}{\376\377\000T\000i\000r\000a\000m\000i\000s\000u\000\040\000B\000r\000o\000w\000n\000i\000e\000s}{section.6}% 24
\BOOKMARK [2][]{section*.20}{\376\377\000T\000i\000r\000a\000m\000i\000s\000u\000\040\000C\000h\000o\000c\000o\000l\000a\000t\000e\000\040\000C\000a\000k\000e}{section.6}% 25
\BOOKMARK [1][]{section.7}{\376\377\000G\000e\000t\000r\000\344\000n\000k\000e}{}% 26
\BOOKMARK [2][]{section*.21}{\376\377\000C\000l\000u\000b\000\040\000M\000a\000t\000e\000\040\000S\000i\000r\000u\000p}{section.7}% 27
