This is pdfTeX, Version 3.141592653-2.6-1.40.25 (TeX Live 2023/Debian) (preloaded format=pdflatex 2026.2.25)  27 FEB 2026 00:21
entering extended mode
 restricted \write18 enabled.
 file:line:error style messages enabled.
 %&-line parsing enabled.
**/home/adrian/Documents/Freizeit/kochen/xcookybooky/MyRecipeBook/book.tex
(/home/adrian/Documents/Freizeit/kochen/xcookybooky/MyRecipeBook/book.tex
LaTeX2e <2023-11-01> patch level 1
L3 programming layer <2024-01-22>
(/usr/share/texlive/texmf-dist/tex/latex/base/article.cls
Document Class: article 2023/05/17 v1.4n Standard LaTeX document class
(/usr/share/texlive/texmf-dist/tex/latex/base/size11.clo
File: size11.clo 2023/05/17 v1.4n Standard LaTeX file (size option)
)
\c@part=\count187
\c@section=\count188
\c@subsection=\count189
\c@subsubsection=\count190
\c@paragraph=\count191
\c@subparagraph=\count192
\c@figure=\count193
\c@table=\count194
\abovecaptionskip=\skip48
\belowcaptionskip=\skip49
\bibindent=\dimen140
) (/usr/share/texlive/texmf-dist/tex/latex/base/fontenc.sty
Package: fontenc 2021/04/29 v2.0v Standard LaTeX package
) (/usr/share/texlive/texmf-dist/tex/latex/base/inputenc.sty
Package: inputenc 2021/02/14 v1.3d Input encoding file
\inpenc@prehook=\toks17
\inpenc@posthook=\toks18
) (/usr/share/texmf/tex/latex/lm/lmodern.sty
Package: lmodern 2015/05/01 v1.6.1 Latin Modern Fonts
LaTeX Font Info:    Overwriting symbol font `operators' in version `normal'
(Font)                  OT1/cmr/m/n --> OT1/lmr/m/n on input line 22.
LaTeX Font Info:    Overwriting symbol font `letters' in version `normal'
(Font)                  OML/cmm/m/it --> OML/lmm/m/it on input line 23.
LaTeX Font Info:    Overwriting symbol font `symbols' in version `normal'
(Font)                  OMS/cmsy/m/n --> OMS/lmsy/m/n on input line 24.
LaTeX Font Info:    Overwriting symbol font `largesymbols' in version `normal'
(Font)                  OMX/cmex/m/n --> OMX/lmex/m/n on input line 25.
LaTeX Font Info:    Overwriting symbol font `operators' in version `bold'
(Font)                  OT1/cmr/bx/n --> OT1/lmr/bx/n on input line 26.
LaTeX Font Info:    Overwriting symbol font `letters' in version `bold'
(Font)                  OML/cmm/b/it --> OML/lmm/b/it on input line 27.
LaTeX Font Info:    Overwriting symbol font `symbols' in version `bold'
(Font)                  OMS/cmsy/b/n --> OMS/lmsy/b/n on input line 28.
LaTeX Font Info:    Overwriting symbol font `largesymbols' in version `bold'
(Font)                  OMX/cmex/m/n --> OMX/lmex/m/n on input line 29.
LaTeX Font Info:    Overwriting math alphabet `\mathbf' in version `normal'
(Font)                  OT1/cmr/bx/n --> OT1/lmr/bx/n on input line 31.
LaTeX Font Info:    Overwriting math alphabet `\mathsf' in version `normal'
(Font)                  OT1/cmss/m/n --> OT1/lmss/m/n on input line 32.
LaTeX Font Info:    Overwriting math alphabet `\mathit' in version `normal'
(Font)                  OT1/cmr/m/it --> OT1/lmr/m/it on input line 33.
LaTeX Font Info:    Overwriting math alphabet `\mathtt' in version `normal'
(Font)                  OT1/cmtt/m/n --> OT1/lmtt/m/n on input line 34.
LaTeX Font Info:    Overwriting math alphabet `\mathbf' in version `bold'
(Font)                  OT1/cmr/bx/n --> OT1/lmr/bx/n on input line 35.
LaTeX Font Info:    Overwriting math alphabet `\mathsf' in version `bold'
(Font)                  OT1/cmss/bx/n --> OT1/lmss/bx/n on input line 36.
LaTeX Font Info:    Overwriting math alphabet `\mathit' in version `bold'
(Font)                  OT1/cmr/bx/it --> OT1/lmr/bx/it on input line 37.
LaTeX Font Info:    Overwriting math alphabet `\mathtt' in version `bold'
(Font)                  OT1/cmtt/m/n --> OT1/lmtt/m/n on input line 38.
) (/usr/share/texlive/texmf-dist/tex/generic/babel/babel.sty
Package: babel 2024/01/07 v24.1 The Babel package
\babel@savecnt=\count195
\U@D=\dimen141
\l@unhyphenated=\language89
 (/usr/share/texlive/texmf-dist/tex/generic/babel/txtbabel.def)
\bbl@readstream=\read2
\bbl@dirlevel=\count196
 (/usr/share/texlive/texmf-dist/tex/generic/babel-german/ngerman.ldf
Language: ngerman 2024/01/19 v2.14 German support for babel (post-1996 orthography)
 (/usr/share/texlive/texmf-dist/tex/generic/babel-german/ngermanb.ldf
Language: ngermanb 2024/01/19 v2.14 German support for babel (post-1996 orthography)
Package babel Info: Making " an active character on input line 122.
))) (/usr/share/texlive/texmf-dist/tex/generic/babel/locale/de/babel-ngerman.tex
Package babel Info: Importing font and identification data for ngerman
(babel)             from babel-de.ini. Reported on input line 11.
) (/usr/share/texlive/texmf-dist/tex/latex/hyperref/hyperref.sty
Package: hyperref 2024-01-20 v7.01h Hypertext links for LaTeX
 (/usr/share/texlive/texmf-dist/tex/generic/iftex/iftex.sty
Package: iftex 2022/02/03 v1.0f TeX engine tests
) (/usr/share/texlive/texmf-dist/tex/latex/graphics/keyval.sty
Package: keyval 2022/05/29 v1.15 key=value parser (DPC)
\KV@toks@=\toks19
) (/usr/share/texlive/texmf-dist/tex/latex/kvsetkeys/kvsetkeys.sty
Package: kvsetkeys 2022-10-05 v1.19 Key value parser (HO)
) (/usr/share/texlive/texmf-dist/tex/generic/kvdefinekeys/kvdefinekeys.sty
Package: kvdefinekeys 2019-12-19 v1.6 Define keys (HO)
) (/usr/share/texlive/texmf-dist/tex/generic/pdfescape/pdfescape.sty
Package: pdfescape 2019/12/09 v1.15 Implements pdfTeX's escape features (HO)
 (/usr/share/texlive/texmf-dist/tex/generic/ltxcmds/ltxcmds.sty
Package: ltxcmds 2023-12-04 v1.26 LaTeX kernel commands for general use (HO)
) (/usr/share/texlive/texmf-dist/tex/generic/pdftexcmds/pdftexcmds.sty
Package: pdftexcmds 2020-06-27 v0.33 Utility functions of pdfTeX for LuaTeX (HO)
 (/usr/share/texlive/texmf-dist/tex/generic/infwarerr/infwarerr.sty
Package: infwarerr 2019/12/03 v1.5 Providing info/warning/error messages (HO)
)
Package pdftexcmds Info: \pdf@primitive is available.
Package pdftexcmds Info: \pdf@ifprimitive is available.
Package pdftexcmds Info: \pdfdraftmode found.
)) (/usr/share/texlive/texmf-dist/tex/latex/hycolor/hycolor.sty
Package: hycolor 2020-01-27 v1.10 Color options for hyperref/bookmark (HO)
) (/usr/share/texlive/texmf-dist/tex/latex/auxhook/auxhook.sty
Package: auxhook 2019-12-17 v1.6 Hooks for auxiliary files (HO)
) (/usr/share/texlive/texmf-dist/tex/latex/hyperref/nameref.sty
Package: nameref 2023-11-26 v2.56 Cross-referencing by name of section
 (/usr/share/texlive/texmf-dist/tex/latex/refcount/refcount.sty
Package: refcount 2019/12/15 v3.6 Data extraction from label references (HO)
) (/usr/share/texlive/texmf-dist/tex/generic/gettitlestring/gettitlestring.sty
Package: gettitlestring 2019/12/15 v1.6 Cleanup title references (HO)
 (/usr/share/texlive/texmf-dist/tex/latex/kvoptions/kvoptions.sty
Package: kvoptions 2022-06-15 v3.15 Key value format for package options (HO)
))
\c@section@level=\count197
) (/usr/share/texlive/texmf-dist/tex/latex/etoolbox/etoolbox.sty
Package: etoolbox 2020/10/05 v2.5k e-TeX tools for LaTeX (JAW)
\etb@tempcnta=\count198
)
\@linkdim=\dimen142
\Hy@linkcounter=\count199
\Hy@pagecounter=\count266
 (/usr/share/texlive/texmf-dist/tex/latex/hyperref/pd1enc.def
File: pd1enc.def 2024-01-20 v7.01h Hyperref: PDFDocEncoding definition (HO)
Now handling font encoding PD1 ...
... no UTF-8 mapping file for font encoding PD1
) (/usr/share/texlive/texmf-dist/tex/generic/intcalc/intcalc.sty
Package: intcalc 2019/12/15 v1.3 Expandable calculations with integers (HO)
)
\Hy@SavedSpaceFactor=\count267
 (/usr/share/texlive/texmf-dist/tex/latex/hyperref/puenc.def
File: puenc.def 2024-01-20 v7.01h Hyperref: PDF Unicode definition (HO)
Now handling font encoding PU ...
... no UTF-8 mapping file for font encoding PU
)
Package hyperref Info: Hyper figures OFF on input line 4179.
Package hyperref Info: Link nesting OFF on input line 4184.
Package hyperref Info: Hyper index ON on input line 4187.
Package hyperref Info: Plain pages OFF on input line 4194.
Package hyperref Info: Backreferencing OFF on input line 4199.
Package hyperref Info: Implicit mode ON; LaTeX internals redefined.
Package hyperref Info: Bookmarks ON on input line 4446.
\c@Hy@tempcnt=\count268
 (/usr/share/texlive/texmf-dist/tex/latex/url/url.sty
\Urlmuskip=\muskip16
Package: url 2013/09/16  ver 3.4  Verb mode for urls, etc.
)
LaTeX Info: Redefining \url on input line 4784.
\XeTeXLinkMargin=\dimen143
 (/usr/share/texlive/texmf-dist/tex/generic/bitset/bitset.sty
Package: bitset 2019/12/09 v1.3 Handle bit-vector datatype (HO)
 (/usr/share/texlive/texmf-dist/tex/generic/bigintcalc/bigintcalc.sty
Package: bigintcalc 2019/12/15 v1.5 Expandable calculations on big integers (HO)
))
\Fld@menulength=\count269
\Field@Width=\dimen144
\Fld@charsize=\dimen145
Package hyperref Info: Hyper figures OFF on input line 6063.
Package hyperref Info: Link nesting OFF on input line 6068.
Package hyperref Info: Hyper index ON on input line 6071.
Package hyperref Info: backreferencing OFF on input line 6078.
Package hyperref Info: Link coloring OFF on input line 6083.
Package hyperref Info: Link coloring with OCG OFF on input line 6088.
Package hyperref Info: PDF/A mode OFF on input line 6093.
 (/usr/share/texlive/texmf-dist/tex/latex/base/atbegshi-ltx.sty
Package: atbegshi-ltx 2021/01/10 v1.0c Emulation of the original atbegshi
package with kernel methods
)
\Hy@abspage=\count270
\c@Item=\count271
\c@Hfootnote=\count272
)
Package hyperref Info: Driver (autodetected): hpdftex.
 (/usr/share/texlive/texmf-dist/tex/latex/hyperref/hpdftex.def
File: hpdftex.def 2024-01-20 v7.01h Hyperref driver for pdfTeX
 (/usr/share/texlive/texmf-dist/tex/latex/base/atveryend-ltx.sty
Package: atveryend-ltx 2020/08/19 v1.0a Emulation of the original atveryend package
with kernel methods
)
\Fld@listcount=\count273
\c@bookmark@seq@number=\count274
 (/usr/share/texlive/texmf-dist/tex/latex/rerunfilecheck/rerunfilecheck.sty
Package: rerunfilecheck 2022-07-10 v1.10 Rerun checks for auxiliary files (HO)
 (/usr/share/texlive/texmf-dist/tex/generic/uniquecounter/uniquecounter.sty
Package: uniquecounter 2019/12/15 v1.4 Provide unlimited unique counter (HO)
)
Package uniquecounter Info: New unique counter `rerunfilecheck' on input line 285.
)
\Hy@SectionHShift=\skip50
) (/usr/share/texlive/texmf-dist/tex/latex/units/nicefrac.sty
Package: nicefrac 1998/08/04 v0.9b Nice fractions
\L@UnitsRaiseDisplaystyle=\skip51
\L@UnitsRaiseTextstyle=\skip52
\L@UnitsRaiseScriptstyle=\skip53
 (/usr/share/texlive/texmf-dist/tex/latex/base/ifthen.sty
Package: ifthen 2022/04/13 v1.1d Standard LaTeX ifthen package (DPC)
)) (./xcookybooky.sty
Package: xcookybooky 2015/03/03 v1.5 Easy typesetting (potentially long) recipes with pictures
 (/usr/share/texlive/texmf-dist/tex/latex/pgf/frontendlayer/tikz.sty (/usr/share/texlive/texmf-dist/tex/latex/pgf/basiclayer/pgf.sty (/usr/share/texlive/texmf-dist/tex/latex/pgf/utilities/pgfrcs.sty (/usr/share/texlive/texmf-dist/tex/generic/pgf/utilities/pgfutil-common.tex
\pgfutil@everybye=\toks20
\pgfutil@tempdima=\dimen146
\pgfutil@tempdimb=\dimen147
) (/usr/share/texlive/texmf-dist/tex/generic/pgf/utilities/pgfutil-latex.def
\pgfutil@abb=\box51
) (/usr/share/texlive/texmf-dist/tex/generic/pgf/utilities/pgfrcs.code.tex (/usr/share/texlive/texmf-dist/tex/generic/pgf/pgf.revision.tex)
Package: pgfrcs 2023-01-15 v3.1.10 (3.1.10)
))
Package: pgf 2023-01-15 v3.1.10 (3.1.10)
 (/usr/share/texlive/texmf-dist/tex/latex/pgf/basiclayer/pgfcore.sty (/usr/share/texlive/texmf-dist/tex/latex/graphics/graphicx.sty
Package: graphicx 2021/09/16 v1.2d Enhanced LaTeX Graphics (DPC,SPQR)
 (/usr/share/texlive/texmf-dist/tex/latex/graphics/graphics.sty
Package: graphics 2022/03/10 v1.4e Standard LaTeX Graphics (DPC,SPQR)
 (/usr/share/texlive/texmf-dist/tex/latex/graphics/trig.sty
Package: trig 2021/08/11 v1.11 sin cos tan (DPC)
) (/usr/share/texlive/texmf-dist/tex/latex/graphics-cfg/graphics.cfg
File: graphics.cfg 2016/06/04 v1.11 sample graphics configuration
)
Package graphics Info: Driver file: pdftex.def on input line 107.
 (/usr/share/texlive/texmf-dist/tex/latex/graphics-def/pdftex.def
File: pdftex.def 2022/09/22 v1.2b Graphics/color driver for pdftex
))
\Gin@req@height=\dimen148
\Gin@req@width=\dimen149
) (/usr/share/texlive/texmf-dist/tex/latex/pgf/systemlayer/pgfsys.sty (/usr/share/texlive/texmf-dist/tex/generic/pgf/systemlayer/pgfsys.code.tex
Package: pgfsys 2023-01-15 v3.1.10 (3.1.10)
 (/usr/share/texlive/texmf-dist/tex/generic/pgf/utilities/pgfkeys.code.tex
\pgfkeys@pathtoks=\toks21
\pgfkeys@temptoks=\toks22
 (/usr/share/texlive/texmf-dist/tex/generic/pgf/utilities/pgfkeyslibraryfiltered.code.tex
\pgfkeys@tmptoks=\toks23
))
\pgf@x=\dimen150
\pgf@y=\dimen151
\pgf@xa=\dimen152
\pgf@ya=\dimen153
\pgf@xb=\dimen154
\pgf@yb=\dimen155
\pgf@xc=\dimen156
\pgf@yc=\dimen157
\pgf@xd=\dimen158
\pgf@yd=\dimen159
\w@pgf@writea=\write3
\r@pgf@reada=\read3
\c@pgf@counta=\count275
\c@pgf@countb=\count276
\c@pgf@countc=\count277
\c@pgf@countd=\count278
\t@pgf@toka=\toks24
\t@pgf@tokb=\toks25
\t@pgf@tokc=\toks26
\pgf@sys@id@count=\count279
 (/usr/share/texlive/texmf-dist/tex/generic/pgf/systemlayer/pgf.cfg
File: pgf.cfg 2023-01-15 v3.1.10 (3.1.10)
)
Driver file for pgf: pgfsys-pdftex.def
 (/usr/share/texlive/texmf-dist/tex/generic/pgf/systemlayer/pgfsys-pdftex.def
File: pgfsys-pdftex.def 2023-01-15 v3.1.10 (3.1.10)
 (/usr/share/texlive/texmf-dist/tex/generic/pgf/systemlayer/pgfsys-common-pdf.def
File: pgfsys-common-pdf.def 2023-01-15 v3.1.10 (3.1.10)
))) (/usr/share/texlive/texmf-dist/tex/generic/pgf/systemlayer/pgfsyssoftpath.code.tex
File: pgfsyssoftpath.code.tex 2023-01-15 v3.1.10 (3.1.10)
\pgfsyssoftpath@smallbuffer@items=\count280
\pgfsyssoftpath@bigbuffer@items=\count281
) (/usr/share/texlive/texmf-dist/tex/generic/pgf/systemlayer/pgfsysprotocol.code.tex
File: pgfsysprotocol.code.tex 2023-01-15 v3.1.10 (3.1.10)
)) (/usr/share/texlive/texmf-dist/tex/latex/xcolor/xcolor.sty
Package: xcolor 2023/11/15 v3.01 LaTeX color extensions (UK)
 (/usr/share/texlive/texmf-dist/tex/latex/graphics-cfg/color.cfg
File: color.cfg 2016/01/02 v1.6 sample color configuration
)
Package xcolor Info: Driver file: pdftex.def on input line 274.
 (/usr/share/texlive/texmf-dist/tex/latex/graphics/mathcolor.ltx)
Package xcolor Info: Model `cmy' substituted by `cmy0' on input line 1350.
Package xcolor Info: Model `hsb' substituted by `rgb' on input line 1354.
Package xcolor Info: Model `RGB' extended on input line 1366.
Package xcolor Info: Model `HTML' substituted by `rgb' on input line 1368.
Package xcolor Info: Model `Hsb' substituted by `hsb' on input line 1369.
Package xcolor Info: Model `tHsb' substituted by `hsb' on input line 1370.
Package xcolor Info: Model `HSB' substituted by `hsb' on input line 1371.
Package xcolor Info: Model `Gray' substituted by `gray' on input line 1372.
Package xcolor Info: Model `wave' substituted by `hsb' on input line 1373.
) (/usr/share/texlive/texmf-dist/tex/generic/pgf/basiclayer/pgfcore.code.tex
Package: pgfcore 2023-01-15 v3.1.10 (3.1.10)
 (/usr/share/texlive/texmf-dist/tex/generic/pgf/math/pgfmath.code.tex (/usr/share/texlive/texmf-dist/tex/generic/pgf/math/pgfmathutil.code.tex) (/usr/share/texlive/texmf-dist/tex/generic/pgf/math/pgfmathparser.code.tex
\pgfmath@dimen=\dimen160
\pgfmath@count=\count282
\pgfmath@box=\box52
\pgfmath@toks=\toks27
\pgfmath@stack@operand=\toks28
\pgfmath@stack@operation=\toks29
) (/usr/share/texlive/texmf-dist/tex/generic/pgf/math/pgfmathfunctions.code.tex) (/usr/share/texlive/texmf-dist/tex/generic/pgf/math/pgfmathfunctions.basic.code.tex) (/usr/share/texlive/texmf-dist/tex/generic/pgf/math/pgfmathfunctions.trigonometric.code.tex) (/usr/share/texlive/texmf-dist/tex/generic/pgf/math/pgfmathfunctions.random.code.tex) (/usr/share/texlive/texmf-dist/tex/generic/pgf/math/pgfmathfunctions.comparison.code.tex) (/usr/share/texlive/texmf-dist/tex/generic/pgf/math/pgfmathfunctions.base.code.tex) (/usr/share/texlive/texmf-dist/tex/generic/pgf/math/pgfmathfunctions.round.code.tex) (/usr/share/texlive/texmf-dist/tex/generic/pgf/math/pgfmathfunctions.misc.code.tex) (/usr/share/texlive/texmf-dist/tex/generic/pgf/math/pgfmathfunctions.integerarithmetics.code.tex) (/usr/share/texlive/texmf-dist/tex/generic/pgf/math/pgfmathcalc.code.tex) (/usr/share/texlive/texmf-dist/tex/generic/pgf/math/pgfmathfloat.code.tex
\c@pgfmathroundto@lastzeros=\count283
)) (/usr/share/texlive/texmf-dist/tex/generic/pgf/math/pgfint.code.tex) (/usr/share/texlive/texmf-dist/tex/generic/pgf/basiclayer/pgfcorepoints.code.tex
File: pgfcorepoints.code.tex 2023-01-15 v3.1.10 (3.1.10)
\pgf@picminx=\dimen161
\pgf@picmaxx=\dimen162
\pgf@picminy=\dimen163
\pgf@picmaxy=\dimen164
\pgf@pathminx=\dimen165
\pgf@pathmaxx=\dimen166
\pgf@pathminy=\dimen167
\pgf@pathmaxy=\dimen168
\pgf@xx=\dimen169
\pgf@xy=\dimen170
\pgf@yx=\dimen171
\pgf@yy=\dimen172
\pgf@zx=\dimen173
\pgf@zy=\dimen174
) (/usr/share/texlive/texmf-dist/tex/generic/pgf/basiclayer/pgfcorepathconstruct.code.tex
File: pgfcorepathconstruct.code.tex 2023-01-15 v3.1.10 (3.1.10)
\pgf@path@lastx=\dimen175
\pgf@path@lasty=\dimen176
) (/usr/share/texlive/texmf-dist/tex/generic/pgf/basiclayer/pgfcorepathusage.code.tex
File: pgfcorepathusage.code.tex 2023-01-15 v3.1.10 (3.1.10)
\pgf@shorten@end@additional=\dimen177
\pgf@shorten@start@additional=\dimen178
) (/usr/share/texlive/texmf-dist/tex/generic/pgf/basiclayer/pgfcorescopes.code.tex
File: pgfcorescopes.code.tex 2023-01-15 v3.1.10 (3.1.10)
\pgfpic=\box53
\pgf@hbox=\box54
\pgf@layerbox@main=\box55
\pgf@picture@serial@count=\count284
) (/usr/share/texlive/texmf-dist/tex/generic/pgf/basiclayer/pgfcoregraphicstate.code.tex
File: pgfcoregraphicstate.code.tex 2023-01-15 v3.1.10 (3.1.10)
\pgflinewidth=\dimen179
) (/usr/share/texlive/texmf-dist/tex/generic/pgf/basiclayer/pgfcoretransformations.code.tex
File: pgfcoretransformations.code.tex 2023-01-15 v3.1.10 (3.1.10)
\pgf@pt@x=\dimen180
\pgf@pt@y=\dimen181
\pgf@pt@temp=\dimen182
) (/usr/share/texlive/texmf-dist/tex/generic/pgf/basiclayer/pgfcorequick.code.tex
File: pgfcorequick.code.tex 2023-01-15 v3.1.10 (3.1.10)
) (/usr/share/texlive/texmf-dist/tex/generic/pgf/basiclayer/pgfcoreobjects.code.tex
File: pgfcoreobjects.code.tex 2023-01-15 v3.1.10 (3.1.10)
) (/usr/share/texlive/texmf-dist/tex/generic/pgf/basiclayer/pgfcorepathprocessing.code.tex
File: pgfcorepathprocessing.code.tex 2023-01-15 v3.1.10 (3.1.10)
) (/usr/share/texlive/texmf-dist/tex/generic/pgf/basiclayer/pgfcorearrows.code.tex
File: pgfcorearrows.code.tex 2023-01-15 v3.1.10 (3.1.10)
\pgfarrowsep=\dimen183
) (/usr/share/texlive/texmf-dist/tex/generic/pgf/basiclayer/pgfcoreshade.code.tex
File: pgfcoreshade.code.tex 2023-01-15 v3.1.10 (3.1.10)
\pgf@max=\dimen184
\pgf@sys@shading@range@num=\count285
\pgf@shadingcount=\count286
) (/usr/share/texlive/texmf-dist/tex/generic/pgf/basiclayer/pgfcoreimage.code.tex
File: pgfcoreimage.code.tex 2023-01-15 v3.1.10 (3.1.10)
) (/usr/share/texlive/texmf-dist/tex/generic/pgf/basiclayer/pgfcoreexternal.code.tex
File: pgfcoreexternal.code.tex 2023-01-15 v3.1.10 (3.1.10)
\pgfexternal@startupbox=\box56
) (/usr/share/texlive/texmf-dist/tex/generic/pgf/basiclayer/pgfcorelayers.code.tex
File: pgfcorelayers.code.tex 2023-01-15 v3.1.10 (3.1.10)
) (/usr/share/texlive/texmf-dist/tex/generic/pgf/basiclayer/pgfcoretransparency.code.tex
File: pgfcoretransparency.code.tex 2023-01-15 v3.1.10 (3.1.10)
) (/usr/share/texlive/texmf-dist/tex/generic/pgf/basiclayer/pgfcorepatterns.code.tex
File: pgfcorepatterns.code.tex 2023-01-15 v3.1.10 (3.1.10)
) (/usr/share/texlive/texmf-dist/tex/generic/pgf/basiclayer/pgfcorerdf.code.tex
File: pgfcorerdf.code.tex 2023-01-15 v3.1.10 (3.1.10)
))) (/usr/share/texlive/texmf-dist/tex/generic/pgf/modules/pgfmoduleshapes.code.tex
File: pgfmoduleshapes.code.tex 2023-01-15 v3.1.10 (3.1.10)
\pgfnodeparttextbox=\box57
) (/usr/share/texlive/texmf-dist/tex/generic/pgf/modules/pgfmoduleplot.code.tex
File: pgfmoduleplot.code.tex 2023-01-15 v3.1.10 (3.1.10)
) (/usr/share/texlive/texmf-dist/tex/latex/pgf/compatibility/pgfcomp-version-0-65.sty
Package: pgfcomp-version-0-65 2023-01-15 v3.1.10 (3.1.10)
\pgf@nodesepstart=\dimen185
\pgf@nodesepend=\dimen186
) (/usr/share/texlive/texmf-dist/tex/latex/pgf/compatibility/pgfcomp-version-1-18.sty
Package: pgfcomp-version-1-18 2023-01-15 v3.1.10 (3.1.10)
)) (/usr/share/texlive/texmf-dist/tex/latex/pgf/utilities/pgffor.sty (/usr/share/texlive/texmf-dist/tex/latex/pgf/utilities/pgfkeys.sty (/usr/share/texlive/texmf-dist/tex/generic/pgf/utilities/pgfkeys.code.tex)) (/usr/share/texlive/texmf-dist/tex/latex/pgf/math/pgfmath.sty (/usr/share/texlive/texmf-dist/tex/generic/pgf/math/pgfmath.code.tex)) (/usr/share/texlive/texmf-dist/tex/generic/pgf/utilities/pgffor.code.tex
Package: pgffor 2023-01-15 v3.1.10 (3.1.10)
\pgffor@iter=\dimen187
\pgffor@skip=\dimen188
\pgffor@stack=\toks30
\pgffor@toks=\toks31
)) (/usr/share/texlive/texmf-dist/tex/generic/pgf/frontendlayer/tikz/tikz.code.tex
Package: tikz 2023-01-15 v3.1.10 (3.1.10)
 (/usr/share/texlive/texmf-dist/tex/generic/pgf/libraries/pgflibraryplothandlers.code.tex
File: pgflibraryplothandlers.code.tex 2023-01-15 v3.1.10 (3.1.10)
\pgf@plot@mark@count=\count287
\pgfplotmarksize=\dimen189
)
\tikz@lastx=\dimen190
\tikz@lasty=\dimen191
\tikz@lastxsaved=\dimen192
\tikz@lastysaved=\dimen193
\tikz@lastmovetox=\dimen194
\tikz@lastmovetoy=\dimen195
\tikzleveldistance=\dimen196
\tikzsiblingdistance=\dimen197
\tikz@figbox=\box58
\tikz@figbox@bg=\box59
\tikz@tempbox=\box60
\tikz@tempbox@bg=\box61
\tikztreelevel=\count288
\tikznumberofchildren=\count289
\tikznumberofcurrentchild=\count290
\tikz@fig@count=\count291
 (/usr/share/texlive/texmf-dist/tex/generic/pgf/modules/pgfmodulematrix.code.tex
File: pgfmodulematrix.code.tex 2023-01-15 v3.1.10 (3.1.10)
\pgfmatrixcurrentrow=\count292
\pgfmatrixcurrentcolumn=\count293
\pgf@matrix@numberofcolumns=\count294
)
\tikz@expandcount=\count295
 (/usr/share/texlive/texmf-dist/tex/generic/pgf/frontendlayer/tikz/libraries/tikzlibrarytopaths.code.tex
File: tikzlibrarytopaths.code.tex 2023-01-15 v3.1.10 (3.1.10)
))) (/usr/share/texlive/texmf-dist/tex/latex/ifsym/ifsym.sty
Package: ifsym 2000/04/18 I.Kloeckl
 (/usr/share/texlive/texmf-dist/tex/latex/tools/calc.sty
Package: calc 2023/07/08 v4.3 Infix arithmetic (KKT,FJ)
\calc@Acount=\count296
\calc@Bcount=\count297
\calc@Adimen=\dimen198
\calc@Bdimen=\dimen199
\calc@Askip=\skip54
\calc@Bskip=\skip55
LaTeX Info: Redefining \setlength on input line 80.
LaTeX Info: Redefining \addtolength on input line 81.
\calc@Ccount=\count298
\calc@Cskip=\skip56
)
\c@ifsymcnt=\count299
) (/usr/share/texlive/texmf-dist/tex/latex/cookingsymbols/cookingsymbols.sty
Package: cookingsymbols 2014/12/28 v1.1 symbols for recipes by Sven Harder
) (/usr/share/texlive/texmf-dist/tex/latex/wrapfig/wrapfig.sty
\wrapoverhang=\dimen256
\WF@size=\dimen257
\c@WF@wrappedlines=\count300
\WF@box=\box62
\WF@everypar=\toks32
Package: wrapfig 2003/01/31  v 3.6
) (/usr/share/texlive/texmf-dist/tex/generic/oberdiek/iflang.sty
Package: iflang 2018/01/21 v1.7 Checks for the current language (HO)
Package iflang Info: Naming convention for patterns: babel.
) (/usr/share/texlive/texmf-dist/tex/latex/xkeyval/xkeyval.sty
Package: xkeyval 2022/06/16 v2.9 package option processing (HA)
 (/usr/share/texlive/texmf-dist/tex/generic/xkeyval/xkeyval.tex (/usr/share/texlive/texmf-dist/tex/generic/xkeyval/xkvutils.tex
\XKV@toks=\toks33
\XKV@tempa@toks=\toks34
)
\XKV@depth=\count301
File: xkeyval.tex 2014/12/03 v2.7a key=value parser (HA)
)) (/usr/share/texlive/texmf-dist/tex/latex/lettrine/lettrine.sty
File: lettrine.sty 2024-01-20 v2.60 (Daniel Flipo)
 (/usr/share/texlive/texmf-dist/tex/latex/l3packages/xfp/xfp.sty (/usr/share/texlive/texmf-dist/tex/latex/l3kernel/expl3.sty
Package: expl3 2024-01-22 L3 programming layer (loader) 
 (/usr/share/texlive/texmf-dist/tex/latex/l3backend/l3backend-pdftex.def
File: l3backend-pdftex.def 2024-01-04 L3 backend support: PDF output (pdfTeX)
\l__color_backend_stack_int=\count302
\l__pdf_internal_box=\box63
))
Package: xfp 2023-10-10 L3 Floating point unit
)
\c@DefaultLines=\count303
\c@DefaultDepth=\count304
\DefaultFindent=\dimen258
\DefaultNindent=\dimen259
\DefaultSlope=\dimen260
\DiscardVskip=\dimen261
\L@lettrine=\box64
\L@lbox=\box65
\L@tbox=\box66
\c@L@lines=\count305
\c@L@depth=\count306
\L@Pindent=\dimen262
\L@Findent=\dimen263
\L@Nindent=\dimen264
\L@lraise=\dimen265
\L@first=\dimen266
\L@next=\dimen267
\L@slope=\dimen268
\L@height=\dimen269
\L@novskip=\dimen270
\L@ruleht=\dimen271
\L@target@ht=\dimen272
\L@target@dp=\dimen273
\L@target@tht=\dimen274
\LettrineWidth=\dimen275
\LettrineHeight=\dimen276
\LettrineDepth=\dimen277

Loading lettrine.cfg
(/usr/share/texlive/texmf-dist/tex/latex/lettrine/lettrine.cfg)
\Llist@everypar=\toks35
) (/usr/share/texlive/texmf-dist/tex/latex/fancyhdr/fancyhdr.sty
Package: fancyhdr 2022/11/09 v4.1 Extensive control of page headers and footers
\f@nch@headwidth=\skip57
\f@nch@O@elh=\skip58
\f@nch@O@erh=\skip59
\f@nch@O@olh=\skip60
\f@nch@O@orh=\skip61
\f@nch@O@elf=\skip62
\f@nch@O@erf=\skip63
\f@nch@O@olf=\skip64
\f@nch@O@orf=\skip65
) (/usr/share/texlive/texmf-dist/tex/latex/units/units.sty
Package: units 1998/08/04 v0.9b Typesetting units
) (/usr/share/texlive/texmf-dist/tex/latex/eso-pic/eso-pic.sty
Package: eso-pic 2023/05/03 v3.0c eso-pic (RN)
\ESO@tempdima=\dimen278
\ESO@tempdimb=\dimen279
) (/usr/share/texlive/texmf-dist/tex/latex/picture/picture.sty
Package: picture 2020-04-22 v1.6 Dimens for picture macros (HO)
Package picture Info: Calculation method: calc.
) (/usr/share/texlive/texmf-dist/tex/latex/tabulary/tabulary.sty
Package: tabulary 2014/06/11 v0.10 tabulary package (DPC)
 (/usr/share/texlive/texmf-dist/tex/latex/tools/array.sty
Package: array 2023/10/16 v2.5g Tabular extension package (FMi)
\col@sep=\dimen280
\ar@mcellbox=\box67
\extrarowheight=\dimen281
\NC@list=\toks36
\extratabsurround=\skip66
\backup@length=\skip67
\ar@cellbox=\box68
)
\TY@count=\count307
\TY@linewidth=\dimen282
\tymin=\dimen283
\tymax=\dimen284
\TY@tablewidth=\dimen285
) (/usr/share/texlive/texmf-dist/tex/latex/framed/framed.sty
Package: framed 2011/10/22 v 0.96: framed or shaded text with page breaks
\OuterFrameSep=\skip68
\fb@frw=\dimen286
\fb@frh=\dimen287
\FrameRule=\dimen288
\FrameSep=\dimen289
) (/usr/share/texlive/texmf-dist/tex/latex/fontawesome5/fontawesome5.sty
Package: fontawesome5 2022/05/02 v5.15.4 Font Awesome 5
 (/usr/share/texlive/texmf-dist/tex/latex/l3packages/l3keys2e/l3keys2e.sty
Package: l3keys2e 2023-10-10 LaTeX2e option processing using LaTeX3 keys
) (/usr/share/texlive/texmf-dist/tex/latex/l3packages/xparse/xparse.sty
Package: xparse 2023-10-10 L3 Experimental document command parser
) (/usr/share/texlive/texmf-dist/tex/latex/fontawesome5/fontawesome5-generic-helper.sty
Package: fontawesome5-generic-helper 2022/05/02 v5.15.4 non-uTeX helper for fontawesome5
 (/usr/share/texlive/texmf-dist/tex/latex/fontawesome5/fontawesome5-mapping.def))) (/usr/share/texlive/texmf-dist/tex/latex/psnfss/pifont.sty
Package: pifont 2020/03/25 PSNFSS-v9.3 Pi font support (SPQR) 
LaTeX Font Info:    Trying to load font information for U+pzd on input line 63.
 (/usr/share/texlive/texmf-dist/tex/latex/psnfss/upzd.fd
File: upzd.fd 2001/06/04 font definitions for U/pzd.
)
LaTeX Font Info:    Trying to load font information for U+psy on input line 64.
 (/usr/share/texlive/texmf-dist/tex/latex/psnfss/upsy.fd
File: upsy.fd 2001/06/04 font definitions for U/psy.
))
\c@step=\count308
\c@xcb@newpagehead=\count309
\c@xcb@newpagefoot=\count310
)
Package hyperref Info: Option `bookmarksopen' set `true' on input line 53.
Package hyperref Info: Option `colorlinks' set `true' on input line 53.
LaTeX Font Info:    Trying to load font information for T1+lmr on input line 57.
 (/usr/share/texmf/tex/latex/lm/t1lmr.fd
File: t1lmr.fd 2015/05/01 v1.6.1 Font defs for Latin Modern
) (%OUTDIR%/book.aux (%OUTDIR%/rezepte/02_vorspeise/01_zwiebelsuppe.aux) (%OUTDIR%/rezepte/02_vorspeise/02_acili-ezme.aux) (%OUTDIR%/rezepte/02_vorspeise/03_brokkoli-rote-beete.aux) (%OUTDIR%/rezepte/03_hauptgericht/01_gnocci-zitrone.aux) (%OUTDIR%/rezepte/03_hauptgericht/02_dal-makhani.aux) (%OUTDIR%/rezepte/03_hauptgericht/03_veganer-sauerbraten.aux) (%OUTDIR%/rezepte/03_hauptgericht/04_flammkuchen.aux) (%OUTDIR%/rezepte/03_hauptgericht/05_karamelisierte-zwiebel-pasta.aux) (%OUTDIR%/rezepte/03_hauptgericht/06_bolognese.aux) (%OUTDIR%/rezepte/03_hauptgericht/07_veggi-beef-wellington.aux) (%OUTDIR%/rezepte/04_schnellekueche/01_nudeln-erdnusssauce.aux) (%OUTDIR%/rezepte/05_fruehstueck/01_savory-oatmeal.aux) (%OUTDIR%/rezepte/06_dessert/01_fudgy-vegan-brownie.aux) (%OUTDIR%/rezepte/06_dessert/02_karamelisierte-feigen.aux) (%OUTDIR%/rezepte/06_dessert/03_bananenbrot.aux) (%OUTDIR%/rezepte/06_dessert/04_schoko-erdbeeren-mochi.aux) (%OUTDIR%/rezepte/06_dessert/05_orange-posset.aux) (%OUTDIR%/rezepte/06_dessert/06_tiramisu-brownie.aux) (%OUTDIR%/rezepte/06_dessert/07_tiramisu-cake.aux) (%OUTDIR%/rezepte/07_getraenke/01_club-mate.aux))
\openout1 = `book.aux'.

LaTeX Font Info:    Checking defaults for OML/cmm/m/it on input line 57.
LaTeX Font Info:    ... okay on input line 57.
LaTeX Font Info:    Checking defaults for OMS/cmsy/m/n on input line 57.
LaTeX Font Info:    ... okay on input line 57.
LaTeX Font Info:    Checking defaults for OT1/cmr/m/n on input line 57.
LaTeX Font Info:    ... okay on input line 57.
LaTeX Font Info:    Checking defaults for T1/cmr/m/n on input line 57.
LaTeX Font Info:    ... okay on input line 57.
LaTeX Font Info:    Checking defaults for TS1/cmr/m/n on input line 57.
LaTeX Font Info:    ... okay on input line 57.
LaTeX Font Info:    Checking defaults for OMX/cmex/m/n on input line 57.
LaTeX Font Info:    ... okay on input line 57.
LaTeX Font Info:    Checking defaults for U/cmr/m/n on input line 57.
LaTeX Font Info:    ... okay on input line 57.
LaTeX Font Info:    Checking defaults for PD1/pdf/m/n on input line 57.
LaTeX Font Info:    ... okay on input line 57.
LaTeX Font Info:    Checking defaults for PU/pdf/m/n on input line 57.
LaTeX Font Info:    ... okay on input line 57.
Package hyperref Info: Link coloring ON on input line 57.
 (%OUTDIR%/book.out) (%OUTDIR%/book.out)
\@outlinefile=\write4
\openout4 = `book.out'.

 (/usr/share/texlive/texmf-dist/tex/context/base/mkii/supp-pdf.mkii
[Loading MPS to PDF converter (version 2006.09.02).]
\scratchcounter=\count311
\scratchdimen=\dimen290
\scratchbox=\box69
\nofMPsegments=\count312
\nofMParguments=\count313
\everyMPshowfont=\toks37
\MPscratchCnt=\count314
\MPscratchDim=\dimen291
\MPnumerator=\count315
\makeMPintoPDFobject=\count316
\everyMPtoPDFconversion=\toks38
) (/usr/share/texlive/texmf-dist/tex/latex/epstopdf-pkg/epstopdf-base.sty
Package: epstopdf-base 2020-01-24 v2.11 Base part for package epstopdf
Package epstopdf-base Info: Redefining graphics rule for `.eps' on input line 485.
 (/usr/share/texlive/texmf-dist/tex/latex/latexconfig/epstopdf-sys.cfg
File: epstopdf-sys.cfg 2010/07/13 v1.3 Configuration of (r)epstopdf for TeX Live
))
LaTeX Font Info:    Trying to load font information for OT1+lmr on input line 66.
 (/usr/share/texmf/tex/latex/lm/ot1lmr.fd
File: ot1lmr.fd 2015/05/01 v1.6.1 Font defs for Latin Modern
)
LaTeX Font Info:    Trying to load font information for OML+lmm on input line 66.
 (/usr/share/texmf/tex/latex/lm/omllmm.fd
File: omllmm.fd 2015/05/01 v1.6.1 Font defs for Latin Modern
)
LaTeX Font Info:    Trying to load font information for OMS+lmsy on input line 66.
 (/usr/share/texmf/tex/latex/lm/omslmsy.fd
File: omslmsy.fd 2015/05/01 v1.6.1 Font defs for Latin Modern
)
LaTeX Font Info:    Trying to load font information for OMX+lmex on input line 66.
 (/usr/share/texmf/tex/latex/lm/omxlmex.fd
File: omxlmex.fd 2015/05/01 v1.6.1 Font defs for Latin Modern
)
LaTeX Font Info:    External font `lmex10' loaded for size
(Font)              <12> on input line 66.
LaTeX Font Info:    External font `lmex10' loaded for size
(Font)              <8> on input line 66.
LaTeX Font Info:    External font `lmex10' loaded for size
(Font)              <6> on input line 66.
LaTeX Font Info:    Trying to load font information for T1+lmtt on input line 71.
 (/usr/share/texmf/tex/latex/lm/t1lmtt.fd
File: t1lmtt.fd 2015/05/01 v1.6.1 Font defs for Latin Modern
)
LaTeX Font Info:    External font `lmex10' loaded for size
(Font)              <10> on input line 71.
LaTeX Font Info:    External font `lmex10' loaded for size
(Font)              <7> on input line 71.
LaTeX Font Info:    External font `lmex10' loaded for size
(Font)              <5> on input line 71.
 (%OUTDIR%/book.toc
LaTeX Font Info:    External font `lmex10' loaded for size
(Font)              <10.95> on input line 4.
<pic/adrianhieber.png, id=132, 750.805pt x 504.88625pt>
File: pic/adrianhieber.png Graphic file (type png)
<use pic/adrianhieber.png>
Package pdftex.def Info: pic/adrianhieber.png  used on input line 17.
(pdftex.def)             Requested size: 398.34863pt x 267.87347pt.
 [1

{/var/lib/texmf/fonts/map/pdftex/updmap/pdftex.map}{/usr/share/texmf/fonts/enc/dvips/lm/lm-ec.enc} <./pic/adrianhieber.png>])
\tf@toc=\write5
\openout5 = `book.toc'.

File: pic/adrianhieber.png Graphic file (type png)
<use pic/adrianhieber.png>
Package pdftex.def Info: pic/adrianhieber.png  used on input line 97.
(pdftex.def)             Requested size: 398.34863pt x 267.87347pt.
 [2]
File: pic/adrianhieber.png Graphic file (type png)
<use pic/adrianhieber.png>
Package pdftex.def Info: pic/adrianhieber.png  used on input line 102.
(pdftex.def)             Requested size: 398.34863pt x 267.87347pt.
 [3]
\openout2 = `rezepte/02_vorspeise/01_zwiebelsuppe.aux'.

 (./rezepte/02_vorspeise/01_zwiebelsuppe.tex
LaTeX Font Info:    Trying to load font information for T1+fjd on input line 48.
LaTeX Font Info:    No file T1fjd.fd. on input line 48.


LaTeX Font Warning: Font shape `T1/fjd/m/n' undefined
(Font)              using `T1/cmr/m/n' instead on input line 48.

LaTeX Font Info:    Trying to load font information for U+fontawesomefree1 on input line 48.
(/usr/share/texlive/texmf-dist/tex/latex/fontawesome5/ufontawesomefree1.fd)
LaTeX Font Info:    Trying to load font information for U+fontawesomefree0 on input line 48.
 (/usr/share/texlive/texmf-dist/tex/latex/fontawesome5/ufontawesomefree0.fd)
LaTeX Font Info:    Trying to load font information for TS1+lmr on input line 48.
 (/usr/share/texmf/tex/latex/lm/ts1lmr.fd
File: ts1lmr.fd 2015/05/01 v1.6.1 Font defs for Latin Modern
)
LaTeX Font Info:    Trying to load font information for U+ifsym on input line 48.
 (/usr/share/texlive/texmf-dist/tex/latex/ifsym/uifsym.fd))
File: pic/adrianhieber.png Graphic file (type png)
<use pic/adrianhieber.png>
Package pdftex.def Info: pic/adrianhieber.png  used on input line 102.
(pdftex.def)             Requested size: 398.34863pt x 267.87347pt.
 [4

{/usr/share/texmf/fonts/enc/dvips/cm-super/cm-super-t1.enc}{/usr/share/texlive/texmf-dist/fonts/enc/dvips/fontawesome5/fa5free1.enc}{/usr/share/texlive/texmf-dist/fonts/enc/dvips/fontawesome5/fa5free0.enc}{/usr/share/texmf/fonts/enc/dvips/lm/lm-ts1.enc}]
\openout2 = `rezepte/02_vorspeise/02_acili-ezme.aux'.

 (./rezepte/02_vorspeise/02_acili-ezme.tex)
File: pic/adrianhieber.png Graphic file (type png)
<use pic/adrianhieber.png>
Package pdftex.def Info: pic/adrianhieber.png  used on input line 103.
(pdftex.def)             Requested size: 398.34863pt x 267.87347pt.
 [5



]
\openout2 = `rezepte/02_vorspeise/03_brokkoli-rote-beete.aux'.

 (./rezepte/02_vorspeise/03_brokkoli-rote-beete.tex
<pic/vorspeise/03_brokkoli-rote-beete.jpg, id=194, 1099.10625pt x 849.1725pt>
File: pic/vorspeise/03_brokkoli-rote-beete.jpg Graphic file (type jpg)
<use pic/vorspeise/03_brokkoli-rote-beete.jpg>
Package pdftex.def Info: pic/vorspeise/03_brokkoli-rote-beete.jpg  used on input line 42.
(pdftex.def)             Requested size: 220.95778pt x 170.71259pt.
)
File: pic/adrianhieber.png Graphic file (type png)
<use pic/adrianhieber.png>
Package pdftex.def Info: pic/adrianhieber.png  used on input line 104.
(pdftex.def)             Requested size: 398.34863pt x 267.87347pt.
 [6



 <./pic/vorspeise/03_brokkoli-rote-beete.jpg>]
File: pic/adrianhieber.png Graphic file (type png)
<use pic/adrianhieber.png>
Package pdftex.def Info: pic/adrianhieber.png  used on input line 119.
(pdftex.def)             Requested size: 398.34863pt x 267.87347pt.
 [7


]
\openout2 = `rezepte/03_hauptgericht/01_gnocci-zitrone.aux'.

 (./rezepte/03_hauptgericht/01_gnocci-zitrone.tex
<pic/hauptgericht/01_gnocci-zitrone.jpg, id=210, 4015.0pt x 3011.25pt>
File: pic/hauptgericht/01_gnocci-zitrone.jpg Graphic file (type jpg)
<use pic/hauptgericht/01_gnocci-zitrone.jpg>
Package pdftex.def Info: pic/hauptgericht/01_gnocci-zitrone.jpg  used on input line 52.
(pdftex.def)             Requested size: 227.59534pt x 170.6965pt.

Overfull \hbox (134.77441pt too wide) in paragraph at lines 52--52
[] 
 []

File: pic/adrianhieber.png Graphic file (type png)
<use pic/adrianhieber.png>
Package pdftex.def Info: pic/adrianhieber.png  used on input line 52.
(pdftex.def)             Requested size: 398.34863pt x 267.87347pt.
[8

 <./pic/hauptgericht/01_gnocci-zitrone.jpg>])
File: pic/adrianhieber.png Graphic file (type png)
<use pic/adrianhieber.png>
Package pdftex.def Info: pic/adrianhieber.png  used on input line 119.
(pdftex.def)             Requested size: 398.34863pt x 267.87347pt.
 [9]
\openout2 = `rezepte/03_hauptgericht/02_dal-makhani.aux'.

 (./rezepte/03_hauptgericht/02_dal-makhani.tex)
File: pic/adrianhieber.png Graphic file (type png)
<use pic/adrianhieber.png>
Package pdftex.def Info: pic/adrianhieber.png  used on input line 120.
(pdftex.def)             Requested size: 398.34863pt x 267.87347pt.
 [10



]
\openout2 = `rezepte/03_hauptgericht/03_veganer-sauerbraten.aux'.

 (./rezepte/03_hauptgericht/03_veganer-sauerbraten.tex
<pic/hauptgericht/03_veganer-sauerbraten-big.jpg, id=238, 2545.51pt x 1862.96pt>
File: pic/hauptgericht/03_veganer-sauerbraten-big.jpg Graphic file (type jpg)
<use pic/hauptgericht/03_veganer-sauerbraten-big.jpg>
Package pdftex.def Info: pic/hauptgericht/03_veganer-sauerbraten-big.jpg  used on input line 103.
(pdftex.def)             Requested size: 233.24203pt x 170.70079pt.
<pic/hauptgericht/03_veganer-sauerbraten-small.jpg, id=239, 3083.52pt x 4111.36pt>
File: pic/hauptgericht/03_veganer-sauerbraten-small.jpg Graphic file (type jpg)
<use pic/hauptgericht/03_veganer-sauerbraten-small.jpg>
Package pdftex.def Info: pic/hauptgericht/03_veganer-sauerbraten-small.jpg  used on input line 103.
(pdftex.def)             Requested size: 128.02486pt x 170.69981pt.
LaTeX Font Info:    Trying to load font information for U+ifwea on input line 103.
 (/usr/share/texlive/texmf-dist/tex/latex/ifsym/uifwea.fd)
File: pic/adrianhieber.png Graphic file (type png)
<use pic/adrianhieber.png>
Package pdftex.def Info: pic/adrianhieber.png  used on input line 103.
(pdftex.def)             Requested size: 398.34863pt x 267.87347pt.
 [11



{/usr/share/texmf/fonts/enc/dvips/lm/lm-mathsy.enc}{/usr/share/texmf/fonts/enc/dvips/lm/lm-rm.enc} <./pic/hauptgericht/03_veganer-sauerbraten-big.jpg> <./pic/hauptgericht/03_veganer-sauerbraten-small.jpg>])
File: pic/adrianhieber.png Graphic file (type png)
<use pic/adrianhieber.png>
Package pdftex.def Info: pic/adrianhieber.png  used on input line 121.
(pdftex.def)             Requested size: 398.34863pt x 267.87347pt.
 [12]
\openout2 = `rezepte/03_hauptgericht/04_flammkuchen.aux'.

 (./rezepte/03_hauptgericht/04_flammkuchen.tex)
File: pic/adrianhieber.png Graphic file (type png)
<use pic/adrianhieber.png>
Package pdftex.def Info: pic/adrianhieber.png  used on input line 122.
(pdftex.def)             Requested size: 398.34863pt x 267.87347pt.
 [13



]
\openout2 = `rezepte/03_hauptgericht/05_karamelisierte-zwiebel-pasta.aux'.

 (./rezepte/03_hauptgericht/05_karamelisierte-zwiebel-pasta.tex)
File: pic/adrianhieber.png Graphic file (type png)
<use pic/adrianhieber.png>
Package pdftex.def Info: pic/adrianhieber.png  used on input line 123.
(pdftex.def)             Requested size: 398.34863pt x 267.87347pt.
 [14



]
\openout2 = `rezepte/03_hauptgericht/06_bolognese.aux'.

 (./rezepte/03_hauptgericht/06_bolognese.tex)
File: pic/adrianhieber.png Graphic file (type png)
<use pic/adrianhieber.png>
Package pdftex.def Info: pic/adrianhieber.png  used on input line 124.
(pdftex.def)             Requested size: 398.34863pt x 267.87347pt.
 [15



]
\openout2 = `rezepte/03_hauptgericht/07_veggi-beef-wellington.aux'.

 (./rezepte/03_hauptgericht/07_veggi-beef-wellington.tex
<pic/hauptgericht/07_veggi-beef-wellington-big.jpg, id=295, 326.78609pt x 238.32181pt>
File: pic/hauptgericht/07_veggi-beef-wellington-big.jpg Graphic file (type jpg)
<use pic/hauptgericht/07_veggi-beef-wellington-big.jpg>
Package pdftex.def Info: pic/hauptgericht/07_veggi-beef-wellington-big.jpg  used on input line 71.
(pdftex.def)             Requested size: 234.09406pt x 170.72244pt.
<pic/hauptgericht/07_veggi-beef-wellington-small.jpg, id=296, 290.04683pt x 386.7291pt>
File: pic/hauptgericht/07_veggi-beef-wellington-small.jpg Graphic file (type jpg)
<use pic/hauptgericht/07_veggi-beef-wellington-small.jpg>
Package pdftex.def Info: pic/hauptgericht/07_veggi-beef-wellington-small.jpg  used on input line 71.
(pdftex.def)             Requested size: 128.03702pt x 170.71602pt.
File: pic/adrianhieber.png Graphic file (type png)
<use pic/adrianhieber.png>
Package pdftex.def Info: pic/adrianhieber.png  used on input line 71.
(pdftex.def)             Requested size: 398.34863pt x 267.87347pt.
 [16



 <./pic/hauptgericht/07_veggi-beef-wellington-big.jpg> <./pic/hauptgericht/07_veggi-beef-wellington-small.jpg>])
File: pic/adrianhieber.png Graphic file (type png)
<use pic/adrianhieber.png>
Package pdftex.def Info: pic/adrianhieber.png  used on input line 125.
(pdftex.def)             Requested size: 398.34863pt x 267.87347pt.
 [17]
File: pic/adrianhieber.png Graphic file (type png)
<use pic/adrianhieber.png>
Package pdftex.def Info: pic/adrianhieber.png  used on input line 140.
(pdftex.def)             Requested size: 398.34863pt x 267.87347pt.
 [18


]
\openout2 = `rezepte/04_schnellekueche/01_nudeln-erdnusssauce.aux'.

 (./rezepte/04_schnellekueche/01_nudeln-erdnusssauce.tex)
File: pic/adrianhieber.png Graphic file (type png)
<use pic/adrianhieber.png>
Package pdftex.def Info: pic/adrianhieber.png  used on input line 140.
(pdftex.def)             Requested size: 398.34863pt x 267.87347pt.
 [19

]
File: pic/adrianhieber.png Graphic file (type png)
<use pic/adrianhieber.png>
Package pdftex.def Info: pic/adrianhieber.png  used on input line 145.
(pdftex.def)             Requested size: 398.34863pt x 267.87347pt.
 [20


]
\openout2 = `rezepte/05_fruehstueck/01_savory-oatmeal.aux'.

 (./rezepte/05_fruehstueck/01_savory-oatmeal.tex)
File: pic/adrianhieber.png Graphic file (type png)
<use pic/adrianhieber.png>
Package pdftex.def Info: pic/adrianhieber.png  used on input line 145.
(pdftex.def)             Requested size: 398.34863pt x 267.87347pt.
 [21

]
File: pic/adrianhieber.png Graphic file (type png)
<use pic/adrianhieber.png>
Package pdftex.def Info: pic/adrianhieber.png  used on input line 162.
(pdftex.def)             Requested size: 398.34863pt x 267.87347pt.
 [22


]
\openout2 = `rezepte/06_dessert/01_fudgy-vegan-brownie.aux'.

 (./rezepte/06_dessert/01_fudgy-vegan-brownie.tex)
File: pic/adrianhieber.png Graphic file (type png)
<use pic/adrianhieber.png>
Package pdftex.def Info: pic/adrianhieber.png  used on input line 162.
(pdftex.def)             Requested size: 398.34863pt x 267.87347pt.
 [23

]
\openout2 = `rezepte/06_dessert/02_karamelisierte-feigen.aux'.

 (./rezepte/06_dessert/02_karamelisierte-feigen.tex
<pic/dessert/02_karamelisierte-feigen.jpg, id=361, 3011.25pt x 2020.54875pt>
File: pic/dessert/02_karamelisierte-feigen.jpg Graphic file (type jpg)
<use pic/dessert/02_karamelisierte-feigen.jpg>
Package pdftex.def Info: pic/dessert/02_karamelisierte-feigen.jpg  used on input line 56.
(pdftex.def)             Requested size: 254.4136pt x 170.71153pt.
File: pic/adrianhieber.png Graphic file (type png)
<use pic/adrianhieber.png>
Package pdftex.def Info: pic/adrianhieber.png  used on input line 56.
(pdftex.def)             Requested size: 398.34863pt x 267.87347pt.
 [24



 <./pic/dessert/02_karamelisierte-feigen.jpg>])
File: pic/adrianhieber.png Graphic file (type png)
<use pic/adrianhieber.png>
Package pdftex.def Info: pic/adrianhieber.png  used on input line 163.
(pdftex.def)             Requested size: 398.34863pt x 267.87347pt.
 [25]
\openout2 = `rezepte/06_dessert/03_bananenbrot.aux'.

 (./rezepte/06_dessert/03_bananenbrot.tex)
File: pic/adrianhieber.png Graphic file (type png)
<use pic/adrianhieber.png>
Package pdftex.def Info: pic/adrianhieber.png  used on input line 164.
(pdftex.def)             Requested size: 398.34863pt x 267.87347pt.
 [26



]
\openout2 = `rezepte/06_dessert/04_schoko-erdbeeren-mochi.aux'.

 (./rezepte/06_dessert/04_schoko-erdbeeren-mochi.tex)
File: pic/adrianhieber.png Graphic file (type png)
<use pic/adrianhieber.png>
Package pdftex.def Info: pic/adrianhieber.png  used on input line 165.
(pdftex.def)             Requested size: 398.34863pt x 267.87347pt.
 [27



]
\openout2 = `rezepte/06_dessert/05_orange-posset.aux'.

 (./rezepte/06_dessert/05_orange-posset.tex)
File: pic/adrianhieber.png Graphic file (type png)
<use pic/adrianhieber.png>
Package pdftex.def Info: pic/adrianhieber.png  used on input line 166.
(pdftex.def)             Requested size: 398.34863pt x 267.87347pt.
 [28



]
\openout2 = `rezepte/06_dessert/06_tiramisu-brownie.aux'.

 (./rezepte/06_dessert/06_tiramisu-brownie.tex
File: pic/adrianhieber.png Graphic file (type png)
<use pic/adrianhieber.png>
Package pdftex.def Info: pic/adrianhieber.png  used on input line 60.
(pdftex.def)             Requested size: 398.34863pt x 267.87347pt.
 [29



])
File: pic/adrianhieber.png Graphic file (type png)
<use pic/adrianhieber.png>
Package pdftex.def Info: pic/adrianhieber.png  used on input line 167.
(pdftex.def)             Requested size: 398.34863pt x 267.87347pt.
 [30]
\openout2 = `rezepte/06_dessert/07_tiramisu-cake.aux'.

 (./rezepte/06_dessert/07_tiramisu-cake.tex
<pic/dessert/07_tiramisu-cake.jpg, id=432, 1111.15125pt x 851.18pt>
File: pic/dessert/07_tiramisu-cake.jpg Graphic file (type jpg)
<use pic/dessert/07_tiramisu-cake.jpg>
Package pdftex.def Info: pic/dessert/07_tiramisu-cake.jpg  used on input line 58.
(pdftex.def)             Requested size: 222.85364pt x 170.71353pt.
File: pic/adrianhieber.png Graphic file (type png)
<use pic/adrianhieber.png>
Package pdftex.def Info: pic/adrianhieber.png  used on input line 58.
(pdftex.def)             Requested size: 398.34863pt x 267.87347pt.
 [31



 <./pic/dessert/07_tiramisu-cake.jpg>])
File: pic/adrianhieber.png Graphic file (type png)
<use pic/adrianhieber.png>
Package pdftex.def Info: pic/adrianhieber.png  used on input line 168.
(pdftex.def)             Requested size: 398.34863pt x 267.87347pt.
 [32]
File: pic/adrianhieber.png Graphic file (type png)
<use pic/adrianhieber.png>
Package pdftex.def Info: pic/adrianhieber.png  used on input line 187.
(pdftex.def)             Requested size: 398.34863pt x 267.87347pt.
 [33


]
\openout2 = `rezepte/07_getraenke/01_club-mate.aux'.

 (./rezepte/07_getraenke/01_club-mate.tex
<pic/getraenke/01_club-mate.jpg, id=455, 1128.215pt x 918.43124pt>
File: pic/getraenke/01_club-mate.jpg Graphic file (type jpg)
<use pic/getraenke/01_club-mate.jpg>
Package pdftex.def Info: pic/getraenke/01_club-mate.jpg  used on input line 60.
(pdftex.def)             Requested size: 209.69777pt x 170.70592pt.

Overfull \hbox (4.39067pt too wide) in paragraph at lines 60--60
[]\T1/lmr/m/n/10.95 Zitronensäure ein-rüh-ren und voll-stän-dig ab-küh-len las-
 []

File: pic/adrianhieber.png Graphic file (type png)
<use pic/adrianhieber.png>
Package pdftex.def Info: pic/adrianhieber.png  used on input line 60.
(pdftex.def)             Requested size: 398.34863pt x 267.87347pt.
[34

 <./pic/getraenke/01_club-mate.jpg>])
File: pic/adrianhieber.png Graphic file (type png)
<use pic/adrianhieber.png>
Package pdftex.def Info: pic/adrianhieber.png  used on input line 187.
(pdftex.def)             Requested size: 398.34863pt x 267.87347pt.
 [35] (%OUTDIR%/book.aux (%OUTDIR%/rezepte/02_vorspeise/01_zwiebelsuppe.aux) (%OUTDIR%/rezepte/02_vorspeise/02_acili-ezme.aux) (%OUTDIR%/rezepte/02_vorspeise/03_brokkoli-rote-beete.aux) (%OUTDIR%/rezepte/03_hauptgericht/01_gnocci-zitrone.aux) (%OUTDIR%/rezepte/03_hauptgericht/02_dal-makhani.aux) (%OUTDIR%/rezepte/03_hauptgericht/03_veganer-sauerbraten.aux) (%OUTDIR%/rezepte/03_hauptgericht/04_flammkuchen.aux) (%OUTDIR%/rezepte/03_hauptgericht/05_karamelisierte-zwiebel-pasta.aux) (%OUTDIR%/rezepte/03_hauptgericht/06_bolognese.aux) (%OUTDIR%/rezepte/03_hauptgericht/07_veggi-beef-wellington.aux) (%OUTDIR%/rezepte/04_schnellekueche/01_nudeln-erdnusssauce.aux) (%OUTDIR%/rezepte/05_fruehstueck/01_savory-oatmeal.aux) (%OUTDIR%/rezepte/06_dessert/01_fudgy-vegan-brownie.aux) (%OUTDIR%/rezepte/06_dessert/02_karamelisierte-feigen.aux) (%OUTDIR%/rezepte/06_dessert/03_bananenbrot.aux) (%OUTDIR%/rezepte/06_dessert/04_schoko-erdbeeren-mochi.aux) (%OUTDIR%/rezepte/06_dessert/05_orange-posset.aux) (%OUTDIR%/rezepte/06_dessert/06_tiramisu-brownie.aux) (%OUTDIR%/rezepte/06_dessert/07_tiramisu-cake.aux) (%OUTDIR%/rezepte/07_getraenke/01_club-mate.aux))
 ***********
LaTeX2e <2023-11-01> patch level 1
L3 programming layer <2024-01-22>
 ***********


LaTeX Font Warning: Some font shapes were not available, defaults substituted.

Package rerunfilecheck Info: File `book.out' has not changed.
(rerunfilecheck)             Checksum: 31D68BC16D0311CC16780C2B0C43A9C4;3839.
 ) 
Here is how much of TeX's memory you used:
 26339 strings out of 474222
 523067 string characters out of 5748733
 1942975 words of memory out of 5000000
 47758 multiletter control sequences out of 15000+600000
 622496 words of font info for 83 fonts, out of 8000000 for 9000
 1141 hyphenation exceptions out of 8191
 117i,14n,121p,497b,758s stack positions out of 10000i,1000n,20000p,200000b,200000s
 </home/adrian/.texlive2023/texmf-var/fonts/pk/ljfour/public/ifsym/ifwea10.657pk> </home/adrian/.texlive2023/texmf-var/fonts/pk/ljfour/public/ifsym/ifsym10.810pk> </home/adrian/.texlive2023/texmf-var/fonts/pk/ljfour/public/cookingsymbols/cookingsymbols.870pk></usr/share/texlive/texmf-dist/fonts/type1/public/fontawesome5/FontAwesome5Free-Solid.pfb></usr/share/texmf/fonts/type1/public/lm/lmbx10.pfb></usr/share/texmf/fonts/type1/public/lm/lmbx12.pfb></usr/share/texmf/fonts/type1/public/lm/lmr10.pfb></usr/share/texmf/fonts/type1/public/lm/lmr12.pfb></usr/share/texmf/fonts/type1/public/lm/lmr17.pfb></usr/share/texmf/fonts/type1/public/lm/lmr8.pfb></usr/share/texmf/fonts/type1/public/lm/lmri10.pfb></usr/share/texmf/fonts/type1/public/lm/lmsy10.pfb></usr/share/texmf/fonts/type1/public/lm/lmsy8.pfb></usr/share/texmf/fonts/type1/public/lm/lmtt10.pfb></usr/share/texmf/fonts/type1/public/cm-super/sfrm2488.pfb></usr/share/texlive/texmf-dist/fonts/type1/urw/zapfding/uzdr.pfb>
Output written on %OUTDIR%/book.pdf (35 pages, 8242308 bytes).
PDF statistics:
 598 PDF objects out of 1000 (max. 8388607)
 509 compressed objects within 6 object streams
 203 named destinations out of 1000 (max. 500000)
 279 words of extra memory for PDF output out of 10000 (max. 10000000)

